  stdafx.cpp
  Collision.cpp
e:\onedrive - kpu.ac.kr\network_game_programing\finals\netgame\client\simplegame\collision.cpp(24): warning C4244: '초기화 중': 'double'에서 'float'(으)로 변환하면서 데이터가 손실될 수 있습니다.
e:\onedrive - kpu.ac.kr\network_game_programing\finals\netgame\client\simplegame\collision.cpp(45): warning C4244: '초기화 중': 'double'에서 'float'(으)로 변환하면서 데이터가 손실될 수 있습니다.
e:\onedrive - kpu.ac.kr\network_game_programing\finals\netgame\client\simplegame\collision.cpp(39): warning C4101: 'y2' :참조되지 않은 지역 변수입니다.
e:\onedrive - kpu.ac.kr\network_game_programing\finals\netgame\client\simplegame\collision.cpp(39): warning C4101: 'x2' :참조되지 않은 지역 변수입니다.
e:\onedrive - kpu.ac.kr\network_game_programing\finals\netgame\client\simplegame\collision.cpp(86): warning C4244: '인수': 'double'에서 'float'(으)로 변환하면서 데이터가 손실될 수 있습니다.
e:\onedrive - kpu.ac.kr\network_game_programing\finals\netgame\client\simplegame\collision.cpp(88): warning C4244: '인수': 'double'에서 'float'(으)로 변환하면서 데이터가 손실될 수 있습니다.
e:\onedrive - kpu.ac.kr\network_game_programing\finals\netgame\client\simplegame\collision.cpp(89): warning C4244: '인수': 'double'에서 'float'(으)로 변환하면서 데이터가 손실될 수 있습니다.
e:\onedrive - kpu.ac.kr\network_game_programing\finals\netgame\client\simplegame\collision.cpp(107): warning C4244: '초기화 중': 'double'에서 'float'(으)로 변환하면서 데이터가 손실될 수 있습니다.
e:\onedrive - kpu.ac.kr\network_game_programing\finals\netgame\client\simplegame\collision.cpp(112): warning C4244: '초기화 중': 'double'에서 'float'(으)로 변환하면서 데이터가 손실될 수 있습니다.
  Join.cpp
  LoadPng.cpp
e:\onedrive - kpu.ac.kr\network_game_programing\finals\netgame\client\simplegame\loadpng.cpp(800): warning C4334: '<<': 32비트 시프트의 결과가 암시적으로 64비트로 변환됩니다. 64비트 시프트를 사용하시겠습니까?
e:\onedrive - kpu.ac.kr\network_game_programing\finals\netgame\client\simplegame\loadpng.cpp(1462): warning C4267: '=': 'size_t'에서 'int'(으)로 변환하면서 데이터가 손실될 수 있습니다.
e:\onedrive - kpu.ac.kr\network_game_programing\finals\netgame\client\simplegame\loadpng.cpp(1466): warning C4267: '=': 'size_t'에서 'int'(으)로 변환하면서 데이터가 손실될 수 있습니다.
e:\onedrive - kpu.ac.kr\network_game_programing\finals\netgame\client\simplegame\loadpng.cpp(1538): warning C4267: '=': 'size_t'에서 'unsigned int'(으)로 변환하면서 데이터가 손실될 수 있습니다.
e:\onedrive - kpu.ac.kr\network_game_programing\finals\netgame\client\simplegame\loadpng.cpp(3483): warning C4334: '<<': 32비트 시프트의 결과가 암시적으로 64비트로 변환됩니다. 64비트 시프트를 사용하시겠습니까?
e:\onedrive - kpu.ac.kr\network_game_programing\finals\netgame\client\simplegame\loadpng.cpp(3497): warning C4267: '인수': 'size_t'에서 'unsigned int'(으)로 변환하면서 데이터가 손실될 수 있습니다.
e:\onedrive - kpu.ac.kr\network_game_programing\finals\netgame\client\simplegame\loadpng.cpp(4338): warning C4267: '=': 'size_t'에서 'unsigned int'(으)로 변환하면서 데이터가 손실될 수 있습니다.
e:\onedrive - kpu.ac.kr\network_game_programing\finals\netgame\client\simplegame\loadpng.cpp(4386): warning C4267: '=': 'size_t'에서 'unsigned int'(으)로 변환하면서 데이터가 손실될 수 있습니다.
e:\onedrive - kpu.ac.kr\network_game_programing\finals\netgame\client\simplegame\loadpng.cpp(4466): warning C4267: '=': 'size_t'에서 'unsigned int'(으)로 변환하면서 데이터가 손실될 수 있습니다.
e:\onedrive - kpu.ac.kr\network_game_programing\finals\netgame\client\simplegame\loadpng.cpp(5409): warning C4267: '초기화 중': 'size_t'에서 'unsigned int'(으)로 변환하면서 데이터가 손실될 수 있습니다.
  object.cpp
e:\onedrive - kpu.ac.kr\network_game_programing\finals\netgame\client\simplegame\object.cpp(26): warning C4244: '초기화 중': 'double'에서 'float'(으)로 변환하면서 데이터가 손실될 수 있습니다.
e:\onedrive - kpu.ac.kr\network_game_programing\finals\netgame\client\simplegame\object.cpp(255): warning C4244: '=': 'int'에서 'float'(으)로 변환하면서 데이터가 손실될 수 있습니다.
e:\onedrive - kpu.ac.kr\network_game_programing\finals\netgame\client\simplegame\object.cpp(256): warning C4244: '=': 'int'에서 'float'(으)로 변환하면서 데이터가 손실될 수 있습니다.
  Renderer.cpp
e:\onedrive - kpu.ac.kr\network_game_programing\finals\netgame\client\simplegame\renderer.cpp(125): warning C4267: '=': 'size_t'에서 'GLint'(으)로 변환하면서 데이터가 손실될 수 있습니다.
  ScnMgr.cpp
e:\onedrive - kpu.ac.kr\network_game_programing\finals\netgame\client\simplegame\scnmgr.cpp(62): warning C4244: '인수': 'int'에서 'float'(으)로 변환하면서 데이터가 손실될 수 있습니다.
e:\onedrive - kpu.ac.kr\network_game_programing\finals\netgame\client\simplegame\scnmgr.cpp(66): warning C4244: '인수': 'int'에서 'float'(으)로 변환하면서 데이터가 손실될 수 있습니다.
e:\onedrive - kpu.ac.kr\network_game_programing\finals\netgame\client\simplegame\scnmgr.cpp(75): warning C4244: '인수': 'int'에서 'float'(으)로 변환하면서 데이터가 손실될 수 있습니다.
e:\onedrive - kpu.ac.kr\network_game_programing\finals\netgame\client\simplegame\scnmgr.cpp(235): warning C4244: '=': 'int'에서 'float'(으)로 변환하면서 데이터가 손실될 수 있습니다.
e:\onedrive - kpu.ac.kr\network_game_programing\finals\netgame\client\simplegame\scnmgr.cpp(236): warning C4244: '=': 'int'에서 'float'(으)로 변환하면서 데이터가 손실될 수 있습니다.
  SimpleGame.cpp
  TimeCheck.cpp
  코드를 생성하고 있습니다...
  LINK : E:\OneDrive - kpu.ac.kr\Network_Game_Programing\Finals\NetGame\Client\x64\Debug\SimpleGame.exe을(를) 찾을 수 없거나 마지막 증분 링크에 의해 빌드되지 않았습니다. 전체 링크를 수행하고 있습니다.
  SimpleGame.vcxproj -> E:\OneDrive - kpu.ac.kr\Network_Game_Programing\Finals\NetGame\Client\x64\Debug\SimpleGame.exe
